Daily activity on Fri Sep 19 12:49:16 UTC 2025
Daily activity on Sat Sep 20 06:31:44 UTC 2025
Daily activity on Sun Sep 21 06:33:02 UTC 2025
Daily activity on Mon Sep 22 06:36:44 UTC 2025
Daily activity on Tue Sep 23 06:35:28 UTC 2025
Daily activity on Wed Sep 24 06:34:55 UTC 2025
Daily activity on Thu Sep 25 06:35:48 UTC 2025
Daily activity on Fri Sep 26 06:34:42 UTC 2025
Daily activity on Sat Sep 27 06:30:18 UTC 2025
Daily activity on Sun Sep 28 06:32:10 UTC 2025
Daily activity on Mon Sep 29 06:36:57 UTC 2025
Daily activity on Tue Sep 30 06:36:05 UTC 2025
Daily activity on Wed Oct  1 06:35:23 UTC 2025
Daily activity on Thu Oct  2 06:34:04 UTC 2025
Daily activity on Fri Oct  3 06:33:40 UTC 2025
Daily activity on Sat Oct  4 06:31:37 UTC 2025
Daily activity on Sun Oct  5 06:31:18 UTC 2025
Daily activity on Mon Oct  6 06:35:47 UTC 2025
Daily activity on Tue Oct  7 06:34:59 UTC 2025
Daily activity on Wed Oct  8 06:35:23 UTC 2025
Daily activity on Thu Oct  9 06:35:41 UTC 2025
